C51 COMPILER V9.57.0.0   GPS                                                               07/29/2019 11:24:46 PAGE 1   


C51 COMPILER V9.57.0.0, COMPILATION OF MODULE GPS
OBJECT MODULE PLACED IN GPS.OBJ
COMPILER INVOKED BY: D:\C51\C51\BIN\C51.EXE GPS.c OPTIMIZE(8,SPEED) BROWSE DEBUG OBJECTEXTEND TABS(2)

line level    source

   1          #include "GPS.h"
   2          
   3          unsigned char RX_Buffer[68];
   4          unsigned char RX_Count = 0;
   5          unsigned char Hour = 0,Min_High = 0,Min_Low = 0,Sec_High = 0,Sec_Low = 0;
   6          bit Flag_GPS_OK = 0;
   7          unsigned char MaxDay = 0;
   8          
   9          void Uart_Init()                     
  10          {
  11   1        SCON = 0X50;  //UART方式1；8位UART
  12   1        REN  = 1;     //允许串行口接收数据
  13   1        PCON = 0x00;  //SMOD=0;波特率不加倍
  14   1        TMOD = 0x20;  //T1方式2，用于产生波特率
  15   1        TH1  = 0xFD;  //装初值
  16   1        TL1  = 0xFD;
  17   1        TR1  = 1;     //启动定时器1
  18   1        EA   = 1;     //打开全局中断控制
  19   1        ES   = 1;     //打开串行口中断  
  20   1      }
  21          
  22          
  23          void RECEIVE_DATA(void) interrupt 4 using 3       
  24          { 
  25   1        unsigned char temp = 0;
  26   1        ES=0;
  27   1        temp = SBUF;
  28   1        RI = 0;
  29   1      //  LED1 = ~LED1;
  30   1        
  31   1        if(temp == '$')
  32   1        {
  33   2          RX_Count = 0;
  34   2          Flag_GPS_OK = 0;    
  35   2        }
  36   1      
  37   1        RX_Buffer[RX_Count++] = temp;
  38   1      
  39   1        if(RX_Count >= 59)
  40   1        {
  41   2          RX_Count = 59;
  42   2          Flag_GPS_OK = 1;    
  43   2        }
  44   1      
  45   1        ES=1; 
  46   1      }
  47          
  48          
  49          
  50          
  51          
  52          
  53          
  54          
  55          
C51 COMPILER V9.57.0.0   GPS                                                               07/29/2019 11:24:46 PAGE 2   

  56          
  57          
  58          
  59          
  60          
  61          
  62          
  63          
  64          
  65          
  66          
  67          
  68          
  69          
  70          


MODULE INFORMATION:   STATIC OVERLAYABLE
   CODE SIZE        =     74    ----
   CONSTANT SIZE    =   ----    ----
   XDATA SIZE       =   ----    ----
   PDATA SIZE       =   ----    ----
   DATA SIZE        =     75    ----
   IDATA SIZE       =   ----    ----
   BIT SIZE         =      1    ----
END OF MODULE INFORMATION.


C51 COMPILATION COMPLETE.  0 WARNING(S),  0 ERROR(S)
